$(H)\asn1.h
$(H)\conf.h
$(H)\ctype.h
$(H)\dos.h
$(H)\kernel.h
$(H)\mem.h
$(H)\mib.h
$(H)\network.h
$(H)\sleep.h
$(H)\snhash.h
$(H)\snmp.h
$(H)\snmpvars.h
a1rwint.c
a1rwlen.c
a1rwoid.c
a1rwval.c
mksnmp.c
sae_find.c
sae_get.c
sae_getf.c
sae_getn.c
sae_matc.c
sae_set.c
sat_find.c
sat_get.c
sat_getf.c
sat_getn.c
sat_matc.c
sat_set.c
sif_get.c
sif_getf.c
sif_getn.c
sif_matc.c
sif_set.c
sna2b.c
snb2a.c
snclient.c
snerr.c
snfreebl.c
snhash.c
sninit.c
snleaf.c
snmib.c
snoip.c
snparse.c
snprint.c
snrslv.c
sntable.c
srt_find.c
srt_get.c
srt_getf.c
srt_getn.c
srt_matc.c
srt_set.c
stc_find.c
stc_get.c
stc_getf.c
stc_getn.c
stc_matc.c
stc_set.c
