$(H)\bufpool.h
$(H)\conf.h
$(H)\ctype.h
$(H)\dos.h
$(H)\ec.h
$(H)\kernel.h
$(H)\mem.h
$(H)\network.h
$(H)\pc.h
$(H)\ports.h
$(H)\proc.h
$(H)\q.h
$(H)\sleep.h
$(H)\snmp.h
$(H)\tftp.h
blkcopy.c
blkequ.c
bootp.c
cksum.asm
dnparse.c
dot2ip.c
ethdemux.c
ethinit.c
ethinter.c
ethout.c
ethstate.c
ethwrite.c
getaddr.c
getname.c
getnet.c
initgate.c
inithost.c
ip2dot.c
ip2name.c
local_ou.c
name2ip.c
netdump.c
netmask.c
netmatch.c
netnum.c
netstart.c
netutil.asm
netwrite.c
ni_in.c
othinit.c
othwrite.c
rarp_in.c
rarpsend.c
setmask.c
slowtime.c
