$(H)\bufpool.h
$(H)\conf.h
$(H)\kernel.h
$(H)\mem.h
$(H)\network.h
$(H)\ports.h
$(H)\q.h
tcp_in.c
tcpabort.c
tcpacked.c
tcpackit.c
tcpcksum.c
tcpclosd.c
tcpclose.c
tcpclosi.c
tcpclosw.c
tcpdata.c
tcpdemux.c
tcpdodat.c
tcpestab.c
tcpfin1.c
tcpfin2.c
tcph2net.c
tcphowmu.c
tcpidle.c
tcpinp.c
tcpiss.c
tcpkick.c
tcpkillt.c
tcplasta.c
tcpliste.c
tcpnet2h.c
tcpok.c
tcpopts.c
tcpostat.c
tcpout.c
tcppersi.c
tcprcvur.c
tcpreset.c
tcprexmt.c
tcprmss.c
tcprtt.c
tcprwind.c
tcpsend.c
tcpshski.c
tcpsmss.c
tcpsndle.c
tcpsndur.c
tcpswind.c
tcpswitc.c
tcpsync.c
tcpsynrc.c
tcpsynse.c
tcptimer.c
tcptimew.c
tcpwait.c
tcpwakeu.c
tcpwinit.c
tcpxmit.c
tfcoales.c
tfinsert.c
tmclear.c
tmleft.c
tmset.c
tqdump.c
uqalloc.c
uqfree.c
uqinit.c
uqprint.c
