$(H)\butler.h
$(H)\conf.h
$(H)\ctype.h
$(H)\disk.h
$(H)\dos.h
$(H)\file.h
$(H)\io.h
$(H)\kbdio.h
$(H)\kernel.h
$(H)\mem.h
$(H)\pc.h
$(H)\proc.h
$(H)\sl.h
$(H)\tty.h
$(H)\vidio.h
$(H)\window.h
isatty.c
kbdio.asm
kgetc.c
kprintf.c
kputc.c
lwattr.c
lwbord.c
lwclose.c
lwcntl.c
lwgetc.c
lwgoto.c
lwinit.c
lwopen.c
lwoproc.c
lwputc.c
lwread.c
lwwrite.c
nullgetc.c
nullopen.c
nullread.c
nullwrit.c
pcscreen.c
readcopy.c
slclose.c
slcntl.c
slgetc.c
slopen.c
slputc.c
ttycntl.c
ttygetc.c
ttyiin.c
ttyinit.c
ttyiproc.c
ttyopen.c
ttyoproc.c
ttyputc.c
ttyread.c
ttywrite.c
vidio.asm
wputcsr.c
writcopy.c
