$(H)\asn1.h
$(H)\bufpool.h
$(H)\cmd.h
$(H)\conf.h
$(H)\ctype.h
$(H)\disk.h
$(H)\dos.h
$(H)\ec.h
$(H)\edit.h
$(H)\file.h
$(H)\io.h
$(H)\kernel.h
$(H)\mark.h
$(H)\mem.h
$(H)\mffile.h
$(H)\mib.h
$(H)\name.h
$(H)\network.h
$(H)\pipe.h
$(H)\proc.h
$(H)\q.h
$(H)\sem.h
$(H)\shell.h
$(H)\sleep.h
$(H)\snmp.h
$(H)\tcl.h
$(H)\tftp.h
$(H)\tty.h
addarg.c
cmd.c
lexan.c
login.c
shell.c
x_arp.c
x_blast.c
x_bpool.c
x_butler.c
x_cat.c
x_chdsk.c
x_chwin.c
x_clear.c
x_close.c
x_color.c
x_conf.c
x_cp.c
x_date.c
x_debug.c
x_devs.c
x_dgstat.c
x_di.c
x_dir.c
x_dos.c
x_dskst.c
x_dump.c
x_echo.c
x_edit.c
x_exit.c
x_finger.c
x_format.c
x_goto.c
x_help.c
x_ifstat.c
x_int.c
x_kill.c
x_ls.c
x_memsta.c
x_more.c
x_mount.c
x_mv.c
x_netsta.c
x_ns.c
x_ping.c
x_pipsta.c
x_pmem.c
x_ps.c
x_redraw.c
x_rf.c
x_rlogin.c
x_rls.c
x_rm.c
x_rmount.c
x_route.c
x_routes.c
x_shell.c
x_sleep.c
x_snmp.c
x_status.c
x_tcl.c
x_tcp.c
x_tcpc.c
x_test.c
x_tftp.c
x_timerq.c
x_ttyst.c
x_udp.c
x_unmou.c
x_wc.c
x_window.c
